<html>
<head>
<title>TestNG:  Test 1</title>
<link href="../testng.css" rel="stylesheet" type="text/css" />
<link href="../my-testng.css" rel="stylesheet" type="text/css" />

<style type="text/css">
.log { display: none;} 
.stack-trace { display: none;} 
</style>
<script type="text/javascript">
<!--
function flip(e) {
  current = e.style.display;
  if (current == 'block') {
    e.style.display = 'none';
    return 0;
  }
  else {
    e.style.display = 'block';
    return 1;
  }
}

function toggleBox(szDivId, elem, msg1, msg2)
{
  var res = -1;  if (document.getElementById) {
    res = flip(document.getElementById(szDivId));
  }
  else if (document.all) {
    // this is the way old msie versions work
    res = flip(document.all[szDivId]);
  }
  if(elem) {
    if(res == 0) elem.innerHTML = msg1; else elem.innerHTML = msg2;
  }

}

function toggleAllBoxes() {
  if (document.getElementsByTagName) {
    d = document.getElementsByTagName('div');
    for (i = 0; i < d.length; i++) {
      if (d[i].className == 'log') {
        flip(d[i]);
      }
    }
  }
}

// -->
</script>

</head>
<body>
<h2 align='center'>Test 1</h2><table border='1' align="center">
<tr>
<td>Tests passed/Failed/Skipped:</td><td>12/1/0</td>
</tr><tr>
<td>Started on:</td><td>Sun Jan 12 11:30:55 EST 2020</td>
</tr>
<tr><td>Total time:</td><td>2 seconds (2106 ms)</td>
</tr><tr>
<td>Included groups:</td><td></td>
</tr><tr>
<td>Excluded groups:</td><td></td>
</tr>
</table><p/>
<small><i>(Hover the method name to see the test class name)</i></small><p/>
<table width='100%' border='1' class='invocation-failed'>
<tr><td colspan='4' align='center'><b>FAILED TESTS</b></td></tr>
<tr><td><b>Test method</b></td>
<td width="30%"><b>Exception</b></td>
<td width="10%"><b>Time (seconds)</b></td>
<td><b>Instance</b></td>
</tr>
<tr>
<td title='io.techleadacademy.TestTags.logInPerformanceTest3()'><b>logInPerformanceTest3</b><br>Test class: io.techleadacademy.TestTags</td>
<td><div><pre>java.lang.AssertionError: null
	at io.techleadacademy.TestTags.logInPerformanceTest3(TestTags.java:78)
	at java.base/java.util.ArrayList.forEach(ArrayList.java:1540)
	at com.intellij.rt.testng.IDEARemoteTestNG.run(IDEARemoteTestNG.java:66)
	at com.intellij.rt.testng.RemoteTestNGStarter.main(RemoteTestNGStarter.java:110)
... Removed 26 stack frames</pre></div><a href='#' onClick='toggleBox("stack-trace341748265", this, "Click to show all stack frames", "Click to hide stack frames")'>Click to show all stack frames</a>
<div class='stack-trace' id='stack-trace341748265'><pre>java.lang.AssertionError: null
	at org.testng.Assert.fail(Assert.java:97)
	at org.testng.Assert.fail(Assert.java:102)
	at io.techleadacademy.TestTags.logInPerformanceTest3(TestTags.java:78)
	at java.base/jdk.internal.reflect.NativeMethodAccessorImpl.invoke0(Native Method)
	at java.base/jdk.internal.reflect.NativeMethodAccessorImpl.invoke(NativeMethodAccessorImpl.java:62)
	at java.base/jdk.internal.reflect.DelegatingMethodAccessorImpl.invoke(DelegatingMethodAccessorImpl.java:43)
	at java.base/java.lang.reflect.Method.invoke(Method.java:567)
	at org.testng.internal.MethodInvocationHelper.invokeMethod(MethodInvocationHelper.java:134)
	at org.testng.internal.TestInvoker.invokeMethod(TestInvoker.java:597)
	at org.testng.internal.TestInvoker.invokeTestMethod(TestInvoker.java:173)
	at org.testng.internal.MethodRunner.runInSequence(MethodRunner.java:46)
	at org.testng.internal.TestInvoker$MethodInvocationAgent.invoke(TestInvoker.java:816)
	at org.testng.internal.TestInvoker.invokeTestMethods(TestInvoker.java:146)
	at org.testng.internal.TestMethodWorker.invokeTestMethods(TestMethodWorker.java:146)
	at org.testng.internal.TestMethodWorker.run(TestMethodWorker.java:128)
	at java.base/java.util.ArrayList.forEach(ArrayList.java:1540)
	at org.testng.TestRunner.privateRun(TestRunner.java:766)
	at org.testng.TestRunner.run(TestRunner.java:587)
	at org.testng.SuiteRunner.runTest(SuiteRunner.java:384)
	at org.testng.SuiteRunner.runSequentially(SuiteRunner.java:378)
	at org.testng.SuiteRunner.privateRun(SuiteRunner.java:337)
	at org.testng.SuiteRunner.run(SuiteRunner.java:286)
	at org.testng.SuiteRunnerWorker.runSuite(SuiteRunnerWorker.java:53)
	at org.testng.SuiteRunnerWorker.run(SuiteRunnerWorker.java:96)
	at org.testng.TestNG.runSuitesSequentially(TestNG.java:1187)
	at org.testng.TestNG.runSuitesLocally(TestNG.java:1109)
	at org.testng.TestNG.runSuites(TestNG.java:1039)
	at org.testng.TestNG.run(TestNG.java:1007)
	at com.intellij.rt.testng.IDEARemoteTestNG.run(IDEARemoteTestNG.java:66)
	at com.intellij.rt.testng.RemoteTestNGStarter.main(RemoteTestNGStarter.java:110)
</pre></div></td>
<td>0</td>
<td>io.techleadacademy.TestTags@64485a47</td></tr>
</table><p>
<table width='100%' border='1' class='invocation-passed'>
<tr><td colspan='4' align='center'><b>PASSED TESTS</b></td></tr>
<tr><td><b>Test method</b></td>
<td width="30%"><b>Exception</b></td>
<td width="10%"><b>Time (seconds)</b></td>
<td><b>Instance</b></td>
</tr>
<tr>
<td title='io.techleadacademy.TestTags.add1()'><b>add1</b><br>Test class: io.techleadacademy.TestTags<br>Test method: Adding positive numbers<br>Parameters: public void io.techleadacademy.TestTags.add1(java.lang.reflect.Method)</td>
<td></td>
<td>0</td>
<td>io.techleadacademy.TestTags@64485a47</td></tr>
<tr>
<td title='io.techleadacademy.TestTags.add2()'><b>add2</b><br>Test class: io.techleadacademy.TestTags<br>Test method: Testing negative numbers</td>
<td></td>
<td>0</td>
<td>io.techleadacademy.TestTags@64485a47</td></tr>
<tr>
<td title='io.techleadacademy.TestTags.divide1()'><b>divide1</b><br>Test class: io.techleadacademy.TestTags</td>
<td><div><pre>java.lang.ArithmeticException: / by zero
	at io.techleadacademy.TestTags.divide1(TestTags.java:49)
	at java.base/java.util.ArrayList.forEach(ArrayList.java:1540)
	at com.intellij.rt.testng.IDEARemoteTestNG.run(IDEARemoteTestNG.java:66)
	at com.intellij.rt.testng.RemoteTestNGStarter.main(RemoteTestNGStarter.java:110)
... Removed 24 stack frames</pre></div><a href='#' onClick='toggleBox("stack-trace393040818", this, "Click to show all stack frames", "Click to hide stack frames")'>Click to show all stack frames</a>
<div class='stack-trace' id='stack-trace393040818'><pre>java.lang.ArithmeticException: / by zero
	at io.techleadacademy.TestTags.divide1(TestTags.java:49)
	at java.base/jdk.internal.reflect.NativeMethodAccessorImpl.invoke0(Native Method)
	at java.base/jdk.internal.reflect.NativeMethodAccessorImpl.invoke(NativeMethodAccessorImpl.java:62)
	at java.base/jdk.internal.reflect.DelegatingMethodAccessorImpl.invoke(DelegatingMethodAccessorImpl.java:43)
	at java.base/java.lang.reflect.Method.invoke(Method.java:567)
	at org.testng.internal.MethodInvocationHelper.invokeMethod(MethodInvocationHelper.java:134)
	at org.testng.internal.TestInvoker.invokeMethod(TestInvoker.java:597)
	at org.testng.internal.TestInvoker.invokeTestMethod(TestInvoker.java:173)
	at org.testng.internal.MethodRunner.runInSequence(MethodRunner.java:46)
	at org.testng.internal.TestInvoker$MethodInvocationAgent.invoke(TestInvoker.java:816)
	at org.testng.internal.TestInvoker.invokeTestMethods(TestInvoker.java:146)
	at org.testng.internal.TestMethodWorker.invokeTestMethods(TestMethodWorker.java:146)
	at org.testng.internal.TestMethodWorker.run(TestMethodWorker.java:128)
	at java.base/java.util.ArrayList.forEach(ArrayList.java:1540)
	at org.testng.TestRunner.privateRun(TestRunner.java:766)
	at org.testng.TestRunner.run(TestRunner.java:587)
	at org.testng.SuiteRunner.runTest(SuiteRunner.java:384)
	at org.testng.SuiteRunner.runSequentially(SuiteRunner.java:378)
	at org.testng.SuiteRunner.privateRun(SuiteRunner.java:337)
	at org.testng.SuiteRunner.run(SuiteRunner.java:286)
	at org.testng.SuiteRunnerWorker.runSuite(SuiteRunnerWorker.java:53)
	at org.testng.SuiteRunnerWorker.run(SuiteRunnerWorker.java:96)
	at org.testng.TestNG.runSuitesSequentially(TestNG.java:1187)
	at org.testng.TestNG.runSuitesLocally(TestNG.java:1109)
	at org.testng.TestNG.runSuites(TestNG.java:1039)
	at org.testng.TestNG.run(TestNG.java:1007)
	at com.intellij.rt.testng.IDEARemoteTestNG.run(IDEARemoteTestNG.java:66)
	at com.intellij.rt.testng.RemoteTestNGStarter.main(RemoteTestNGStarter.java:110)
</pre></div></td>
<td>0</td>
<td>io.techleadacademy.TestTags@64485a47</td></tr>
<tr>
<td title='io.techleadacademy.TestTags.divide2()'><b>divide2</b><br>Test class: io.techleadacademy.TestTags</td>
<td><div><pre>java.lang.ArithmeticException: / by zero
	at io.techleadacademy.TestTags.divide2(TestTags.java:55)
	at java.base/java.util.ArrayList.forEach(ArrayList.java:1540)
	at com.intellij.rt.testng.IDEARemoteTestNG.run(IDEARemoteTestNG.java:66)
	at com.intellij.rt.testng.RemoteTestNGStarter.main(RemoteTestNGStarter.java:110)
... Removed 24 stack frames</pre></div><a href='#' onClick='toggleBox("stack-trace1368594774", this, "Click to show all stack frames", "Click to hide stack frames")'>Click to show all stack frames</a>
<div class='stack-trace' id='stack-trace1368594774'><pre>java.lang.ArithmeticException: / by zero
	at io.techleadacademy.TestTags.divide2(TestTags.java:55)
	at java.base/jdk.internal.reflect.NativeMethodAccessorImpl.invoke0(Native Method)
	at java.base/jdk.internal.reflect.NativeMethodAccessorImpl.invoke(NativeMethodAccessorImpl.java:62)
	at java.base/jdk.internal.reflect.DelegatingMethodAccessorImpl.invoke(DelegatingMethodAccessorImpl.java:43)
	at java.base/java.lang.reflect.Method.invoke(Method.java:567)
	at org.testng.internal.MethodInvocationHelper.invokeMethod(MethodInvocationHelper.java:134)
	at org.testng.internal.TestInvoker.invokeMethod(TestInvoker.java:597)
	at org.testng.internal.TestInvoker.invokeTestMethod(TestInvoker.java:173)
	at org.testng.internal.MethodRunner.runInSequence(MethodRunner.java:46)
	at org.testng.internal.TestInvoker$MethodInvocationAgent.invoke(TestInvoker.java:816)
	at org.testng.internal.TestInvoker.invokeTestMethods(TestInvoker.java:146)
	at org.testng.internal.TestMethodWorker.invokeTestMethods(TestMethodWorker.java:146)
	at org.testng.internal.TestMethodWorker.run(TestMethodWorker.java:128)
	at java.base/java.util.ArrayList.forEach(ArrayList.java:1540)
	at org.testng.TestRunner.privateRun(TestRunner.java:766)
	at org.testng.TestRunner.run(TestRunner.java:587)
	at org.testng.SuiteRunner.runTest(SuiteRunner.java:384)
	at org.testng.SuiteRunner.runSequentially(SuiteRunner.java:378)
	at org.testng.SuiteRunner.privateRun(SuiteRunner.java:337)
	at org.testng.SuiteRunner.run(SuiteRunner.java:286)
	at org.testng.SuiteRunnerWorker.runSuite(SuiteRunnerWorker.java:53)
	at org.testng.SuiteRunnerWorker.run(SuiteRunnerWorker.java:96)
	at org.testng.TestNG.runSuitesSequentially(TestNG.java:1187)
	at org.testng.TestNG.runSuitesLocally(TestNG.java:1109)
	at org.testng.TestNG.runSuites(TestNG.java:1039)
	at org.testng.TestNG.run(TestNG.java:1007)
	at com.intellij.rt.testng.IDEARemoteTestNG.run(IDEARemoteTestNG.java:66)
	at com.intellij.rt.testng.RemoteTestNGStarter.main(RemoteTestNGStarter.java:110)
</pre></div></td>
<td>0</td>
<td>io.techleadacademy.TestTags@64485a47</td></tr>
<tr>
<td title='io.techleadacademy.TestTags.logInPerformanceTest1()'><b>logInPerformanceTest1</b><br>Test class: io.techleadacademy.TestTags</td>
<td></td>
<td>0</td>
<td>io.techleadacademy.TestTags@64485a47</td></tr>
<tr>
<td title='io.techleadacademy.TestTags.logInPerformanceTest1()'><b>logInPerformanceTest1</b><br>Test class: io.techleadacademy.TestTags</td>
<td></td>
<td>0</td>
<td>io.techleadacademy.TestTags@64485a47</td></tr>
<tr>
<td title='io.techleadacademy.TestTags.logInPerformanceTest2()'><b>logInPerformanceTest2</b><br>Test class: io.techleadacademy.TestTags</td>
<td></td>
<td>2</td>
<td>io.techleadacademy.TestTags@64485a47</td></tr>
<tr>
<td title='io.techleadacademy.TestTags.methodTimeOut()'><b>methodTimeOut</b><br>Test class: io.techleadacademy.TestTags</td>
<td></td>
<td>0</td>
<td>io.techleadacademy.TestTags@64485a47</td></tr>
<tr>
<td title='io.techleadacademy.TestTags.multiply()'><b>multiply</b><br>Test class: io.techleadacademy.TestTags</td>
<td></td>
<td>0</td>
<td>io.techleadacademy.TestTags@64485a47</td></tr>
<tr>
<td title='io.techleadacademy.TestTags.subtract1()'><b>subtract1</b><br>Test class: io.techleadacademy.TestTags</td>
<td></td>
<td>0</td>
<td>io.techleadacademy.TestTags@64485a47</td></tr>
<tr>
<td title='io.techleadacademy.TestTags.subtract2()'><b>subtract2</b><br>Test class: io.techleadacademy.TestTags</td>
<td></td>
<td>0</td>
<td>io.techleadacademy.TestTags@64485a47</td></tr>
<tr>
<td title='io.techleadacademy.TestTags.testUserName1()'><b>testUserName1</b><br>Test class: io.techleadacademy.TestTags<br>Parameters: AAA, 55<br/>
<a href="#Output-1173643169" onClick='toggleBox("Output-1173643169", this, "Show output", "Hide output");'>Show output</a>

<a href="#Output-1173643169" onClick="toggleAllBoxes();">Show all outputs</a>
<div class='log' id="Output-1173643169">
Testing log in functionality using valid credentials<br/>
</div>
</td>
<td></td>
<td>0</td>
<td>io.techleadacademy.TestTags@64485a47</td></tr>
</table><p>
<table width='100%' border='1' class='invocation-skipped'>
<tr><td colspan='4' align='center'><b>SKIPPED TESTS</b></td></tr>
<tr><td><b>Test method</b></td>
<td width="30%"><b>Exception</b></td>
<td width="10%"><b>Time (seconds)</b></td>
<td><b>Instance</b></td>
</tr>
<tr>
<td title='io.techleadacademy.TestTags.logInPerformanceTest3()'><b>logInPerformanceTest3</b><br>Test class: io.techleadacademy.TestTags</td>
<td></td>
<td>0</td>
<td>io.techleadacademy.TestTags@64485a47</td></tr>
<tr>
<td title='io.techleadacademy.TestTags.logInPerformanceTest3()'><b>logInPerformanceTest3</b><br>Test class: io.techleadacademy.TestTags</td>
<td></td>
<td>0</td>
<td>io.techleadacademy.TestTags@64485a47</td></tr>
</table><p>
</body>
</html>