<?xml version="1.0" encoding="UTF-8"?>
<testng-results ignored="1" total="14" passed="12" failed="1" skipped="0">
  <reporter-output>
    <line>
      <![CDATA[Testing log in functionality using valid credentials]]>
    </line>
  </reporter-output>
  <suite started-at="2020-01-12T11:30:55 EST" name="Test Suite" finished-at="2020-01-12T11:30:57 EST" duration-ms="2106">
    <groups>
      <group name="smoke test">
        <method signature="TestTags.multiply()[pri:0, instance:io.techleadacademy.TestTags@64485a47]" name="multiply" class="io.techleadacademy.TestTags"/>
        <method signature="TestTags.subtract1()[pri:-1, instance:io.techleadacademy.TestTags@64485a47]" name="subtract1" class="io.techleadacademy.TestTags"/>
      </group> <!-- smoke test -->
      <group name="regression">
        <method signature="TestTags.logInPerformanceTest2()[pri:0, instance:io.techleadacademy.TestTags@64485a47]" name="logInPerformanceTest2" class="io.techleadacademy.TestTags"/>
        <method signature="TestTags.subtract1()[pri:-1, instance:io.techleadacademy.TestTags@64485a47]" name="subtract1" class="io.techleadacademy.TestTags"/>
      </group> <!-- regression -->
    </groups>
    <test started-at="2020-01-12T11:30:55 EST" name="Test 1" finished-at="2020-01-12T11:30:57 EST" duration-ms="2106">
      <class name="io.techleadacademy.TestTags">
        <test-method signature="subtract2()[pri:-2, instance:io.techleadacademy.TestTags@64485a47]" started-at="2020-01-12T11:30:55 EST" name="subtract2" finished-at="2020-01-12T11:30:55 EST" duration-ms="8" status="PASS">
          <reporter-output>
          </reporter-output>
        </test-method> <!-- subtract2 -->
        <test-method signature="subtract1()[pri:-1, instance:io.techleadacademy.TestTags@64485a47]" started-at="2020-01-12T11:30:55 EST" name="subtract1" finished-at="2020-01-12T11:30:55 EST" duration-ms="0" status="PASS">
          <reporter-output>
          </reporter-output>
        </test-method> <!-- subtract1 -->
        <test-method signature="add1(java.lang.reflect.Method)[pri:0, instance:io.techleadacademy.TestTags@64485a47]" started-at="2020-01-12T11:30:55 EST" name="add1" description="Adding positive numbers" finished-at="2020-01-12T11:30:55 EST" duration-ms="1" status="PASS">
          <params>
            <param index="0">
              <value>
                <![CDATA[public void io.techleadacademy.TestTags.add1(java.lang.reflect.Method)]]>
              </value>
            </param>
          </params>
          <reporter-output>
          </reporter-output>
        </test-method> <!-- add1 -->
        <test-method signature="add2()[pri:0, instance:io.techleadacademy.TestTags@64485a47]" started-at="2020-01-12T11:30:55 EST" name="add2" description="Testing negative numbers" finished-at="2020-01-12T11:30:55 EST" duration-ms="0" status="PASS">
          <reporter-output>
          </reporter-output>
        </test-method> <!-- add2 -->
        <test-method signature="divide1()[pri:0, instance:io.techleadacademy.TestTags@64485a47]" started-at="2020-01-12T11:30:55 EST" name="divide1" finished-at="2020-01-12T11:30:55 EST" duration-ms="0" status="PASS">
          <exception class="java.lang.ArithmeticException">
            <message>
              <![CDATA[/ by zero]]>
            </message>
            <full-stacktrace>
              <![CDATA[java.lang.ArithmeticException: / by zero
at io.techleadacademy.TestTags.divide1(TestTags.java:49)
at java.base/jdk.internal.reflect.NativeMethodAccessorImpl.invoke0(Native Method)
at java.base/jdk.internal.reflect.NativeMethodAccessorImpl.invoke(NativeMethodAccessorImpl.java:62)
at java.base/jdk.internal.reflect.DelegatingMethodAccessorImpl.invoke(DelegatingMethodAccessorImpl.java:43)
at java.base/java.lang.reflect.Method.invoke(Method.java:567)
at org.testng.internal.MethodInvocationHelper.invokeMethod(MethodInvocationHelper.java:134)
at org.testng.internal.TestInvoker.invokeMethod(TestInvoker.java:597)
at org.testng.internal.TestInvoker.invokeTestMethod(TestInvoker.java:173)
at org.testng.internal.MethodRunner.runInSequence(MethodRunner.java:46)
at org.testng.internal.TestInvoker$MethodInvocationAgent.invoke(TestInvoker.java:816)
at org.testng.internal.TestInvoker.invokeTestMethods(TestInvoker.java:146)
at org.testng.internal.TestMethodWorker.invokeTestMethods(TestMethodWorker.java:146)
at org.testng.internal.TestMethodWorker.run(TestMethodWorker.java:128)
at java.base/java.util.ArrayList.forEach(ArrayList.java:1540)
at org.testng.TestRunner.privateRun(TestRunner.java:766)
at org.testng.TestRunner.run(TestRunner.java:587)
at org.testng.SuiteRunner.runTest(SuiteRunner.java:384)
at org.testng.SuiteRunner.runSequentially(SuiteRunner.java:378)
at org.testng.SuiteRunner.privateRun(SuiteRunner.java:337)
at org.testng.SuiteRunner.run(SuiteRunner.java:286)
at org.testng.SuiteRunnerWorker.runSuite(SuiteRunnerWorker.java:53)
at org.testng.SuiteRunnerWorker.run(SuiteRunnerWorker.java:96)
at org.testng.TestNG.runSuitesSequentially(TestNG.java:1187)
at org.testng.TestNG.runSuitesLocally(TestNG.java:1109)
at org.testng.TestNG.runSuites(TestNG.java:1039)
at org.testng.TestNG.run(TestNG.java:1007)
at com.intellij.rt.testng.IDEARemoteTestNG.run(IDEARemoteTestNG.java:66)
at com.intellij.rt.testng.RemoteTestNGStarter.main(RemoteTestNGStarter.java:110)
]]>
            </full-stacktrace>
          </exception> <!-- java.lang.ArithmeticException -->
          <reporter-output>
          </reporter-output>
        </test-method> <!-- divide1 -->
        <test-method signature="divide2()[pri:0, instance:io.techleadacademy.TestTags@64485a47]" started-at="2020-01-12T11:30:55 EST" name="divide2" finished-at="2020-01-12T11:30:55 EST" duration-ms="0" status="PASS">
          <exception class="java.lang.ArithmeticException">
            <message>
              <![CDATA[/ by zero]]>
            </message>
            <full-stacktrace>
              <![CDATA[java.lang.ArithmeticException: / by zero
at io.techleadacademy.TestTags.divide2(TestTags.java:55)
at java.base/jdk.internal.reflect.NativeMethodAccessorImpl.invoke0(Native Method)
at java.base/jdk.internal.reflect.NativeMethodAccessorImpl.invoke(NativeMethodAccessorImpl.java:62)
at java.base/jdk.internal.reflect.DelegatingMethodAccessorImpl.invoke(DelegatingMethodAccessorImpl.java:43)
at java.base/java.lang.reflect.Method.invoke(Method.java:567)
at org.testng.internal.MethodInvocationHelper.invokeMethod(MethodInvocationHelper.java:134)
at org.testng.internal.TestInvoker.invokeMethod(TestInvoker.java:597)
at org.testng.internal.TestInvoker.invokeTestMethod(TestInvoker.java:173)
at org.testng.internal.MethodRunner.runInSequence(MethodRunner.java:46)
at org.testng.internal.TestInvoker$MethodInvocationAgent.invoke(TestInvoker.java:816)
at org.testng.internal.TestInvoker.invokeTestMethods(TestInvoker.java:146)
at org.testng.internal.TestMethodWorker.invokeTestMethods(TestMethodWorker.java:146)
at org.testng.internal.TestMethodWorker.run(TestMethodWorker.java:128)
at java.base/java.util.ArrayList.forEach(ArrayList.java:1540)
at org.testng.TestRunner.privateRun(TestRunner.java:766)
at org.testng.TestRunner.run(TestRunner.java:587)
at org.testng.SuiteRunner.runTest(SuiteRunner.java:384)
at org.testng.SuiteRunner.runSequentially(SuiteRunner.java:378)
at org.testng.SuiteRunner.privateRun(SuiteRunner.java:337)
at org.testng.SuiteRunner.run(SuiteRunner.java:286)
at org.testng.SuiteRunnerWorker.runSuite(SuiteRunnerWorker.java:53)
at org.testng.SuiteRunnerWorker.run(SuiteRunnerWorker.java:96)
at org.testng.TestNG.runSuitesSequentially(TestNG.java:1187)
at org.testng.TestNG.runSuitesLocally(TestNG.java:1109)
at org.testng.TestNG.runSuites(TestNG.java:1039)
at org.testng.TestNG.run(TestNG.java:1007)
at com.intellij.rt.testng.IDEARemoteTestNG.run(IDEARemoteTestNG.java:66)
at com.intellij.rt.testng.RemoteTestNGStarter.main(RemoteTestNGStarter.java:110)
]]>
            </full-stacktrace>
          </exception> <!-- java.lang.ArithmeticException -->
          <reporter-output>
          </reporter-output>
        </test-method> <!-- divide2 -->
        <test-method signature="logInPerformanceTest1()[pri:0, instance:io.techleadacademy.TestTags@64485a47]" started-at="2020-01-12T11:30:55 EST" name="logInPerformanceTest1" finished-at="2020-01-12T11:30:55 EST" duration-ms="2" status="PASS">
          <reporter-output>
          </reporter-output>
        </test-method> <!-- logInPerformanceTest1 -->
        <test-method signature="logInPerformanceTest1()[pri:0, instance:io.techleadacademy.TestTags@64485a47]" started-at="2020-01-12T11:30:55 EST" name="logInPerformanceTest1" finished-at="2020-01-12T11:30:55 EST" duration-ms="1" status="PASS">
          <reporter-output>
          </reporter-output>
        </test-method> <!-- logInPerformanceTest1 -->
        <test-method signature="logInPerformanceTest2()[pri:0, instance:io.techleadacademy.TestTags@64485a47]" started-at="2020-01-12T11:30:55 EST" name="logInPerformanceTest2" finished-at="2020-01-12T11:30:57 EST" duration-ms="2017" status="PASS">
          <reporter-output>
          </reporter-output>
        </test-method> <!-- logInPerformanceTest2 -->
        <test-method signature="logInPerformanceTest3()[pri:0, instance:io.techleadacademy.TestTags@64485a47]" started-at="2020-01-12T11:30:57 EST" name="logInPerformanceTest3" finished-at="2020-01-12T11:30:57 EST" duration-ms="0" status="FAIL">
          <exception class="java.lang.AssertionError">
            <message>
              <![CDATA[null]]>
            </message>
            <full-stacktrace>
              <![CDATA[java.lang.AssertionError: null
at org.testng.Assert.fail(Assert.java:97)
at org.testng.Assert.fail(Assert.java:102)
at io.techleadacademy.TestTags.logInPerformanceTest3(TestTags.java:78)
at java.base/jdk.internal.reflect.NativeMethodAccessorImpl.invoke0(Native Method)
at java.base/jdk.internal.reflect.NativeMethodAccessorImpl.invoke(NativeMethodAccessorImpl.java:62)
at java.base/jdk.internal.reflect.DelegatingMethodAccessorImpl.invoke(DelegatingMethodAccessorImpl.java:43)
at java.base/java.lang.reflect.Method.invoke(Method.java:567)
at org.testng.internal.MethodInvocationHelper.invokeMethod(MethodInvocationHelper.java:134)
at org.testng.internal.TestInvoker.invokeMethod(TestInvoker.java:597)
at org.testng.internal.TestInvoker.invokeTestMethod(TestInvoker.java:173)
at org.testng.internal.MethodRunner.runInSequence(MethodRunner.java:46)
at org.testng.internal.TestInvoker$MethodInvocationAgent.invoke(TestInvoker.java:816)
at org.testng.internal.TestInvoker.invokeTestMethods(TestInvoker.java:146)
at org.testng.internal.TestMethodWorker.invokeTestMethods(TestMethodWorker.java:146)
at org.testng.internal.TestMethodWorker.run(TestMethodWorker.java:128)
at java.base/java.util.ArrayList.forEach(ArrayList.java:1540)
at org.testng.TestRunner.privateRun(TestRunner.java:766)
at org.testng.TestRunner.run(TestRunner.java:587)
at org.testng.SuiteRunner.runTest(SuiteRunner.java:384)
at org.testng.SuiteRunner.runSequentially(SuiteRunner.java:378)
at org.testng.SuiteRunner.privateRun(SuiteRunner.java:337)
at org.testng.SuiteRunner.run(SuiteRunner.java:286)
at org.testng.SuiteRunnerWorker.runSuite(SuiteRunnerWorker.java:53)
at org.testng.SuiteRunnerWorker.run(SuiteRunnerWorker.java:96)
at org.testng.TestNG.runSuitesSequentially(TestNG.java:1187)
at org.testng.TestNG.runSuitesLocally(TestNG.java:1109)
at org.testng.TestNG.runSuites(TestNG.java:1039)
at org.testng.TestNG.run(TestNG.java:1007)
at com.intellij.rt.testng.IDEARemoteTestNG.run(IDEARemoteTestNG.java:66)
at com.intellij.rt.testng.RemoteTestNGStarter.main(RemoteTestNGStarter.java:110)
]]>
            </full-stacktrace>
          </exception> <!-- java.lang.AssertionError -->
          <reporter-output>
          </reporter-output>
        </test-method> <!-- logInPerformanceTest3 -->
        <test-method signature="methodTimeOut()[pri:0, instance:io.techleadacademy.TestTags@64485a47]" started-at="2020-01-12T11:30:57 EST" name="methodTimeOut" finished-at="2020-01-12T11:30:57 EST" duration-ms="2" status="PASS">
          <reporter-output>
          </reporter-output>
        </test-method> <!-- methodTimeOut -->
        <test-method signature="multiply()[pri:0, instance:io.techleadacademy.TestTags@64485a47]" started-at="2020-01-12T11:30:57 EST" name="multiply" finished-at="2020-01-12T11:30:57 EST" duration-ms="0" status="PASS">
          <reporter-output>
          </reporter-output>
        </test-method> <!-- multiply -->
        <test-method signature="testUserName1(java.lang.String, java.lang.String)[pri:0, instance:io.techleadacademy.TestTags@64485a47]" started-at="2020-01-12T11:30:57 EST" name="testUserName1" finished-at="2020-01-12T11:30:57 EST" duration-ms="1" status="PASS">
          <params>
            <param index="0">
              <value>
                <![CDATA[AAA]]>
              </value>
            </param>
            <param index="1">
              <value>
                <![CDATA[55]]>
              </value>
            </param>
          </params>
          <reporter-output>
            <line>
              <![CDATA[Testing log in functionality using valid credentials]]>
            </line>
          </reporter-output>
        </test-method> <!-- testUserName1 -->
      </class> <!-- io.techleadacademy.TestTags -->
    </test> <!-- Test 1 -->
  </suite> <!-- Test Suite -->
</testng-results>
